autobrightness/app/build/intermediates/manifest_merge_blame_file/release/manifest-merger-blame-release-report.txt
1<?xml version="1.0" encoding="utf-8"?>
2<manifest xmlns:android="http://schemas.android.com/apk/res/android"
3    package="com.myapp.autobrightness"
4    android:versionCode="1"
5    android:versionName="2.1.20260128.0941" >
6
7    <uses-sdk
8        android:minSdkVersion="25"
8-->src/main/AndroidManifest.xml
9        android:targetSdkVersion="29" />
9-->src/main/AndroidManifest.xml
10
11    <uses-permission android:name="android.permission.FOREGROUND_SERVICE" />
11-->src/main/AndroidManifest.xml:7:5-77
11-->src/main/AndroidManifest.xml:7:22-74
12    <uses-permission android:name="android.permission.WRITE_SETTINGS" />
12-->src/main/AndroidManifest.xml:8:5-9:47
12-->src/main/AndroidManifest.xml:8:22-70
13    <uses-permission android:name="android.permission.RECEIVE_BOOT_COMPLETED" />
13-->src/main/AndroidManifest.xml:10:5-81
13-->src/main/AndroidManifest.xml:10:22-78
14    <uses-permission android:name="android.permission.SCHEDULE_EXACT_ALARM" />
14-->src/main/AndroidManifest.xml:12:5-79
14-->src/main/AndroidManifest.xml:12:22-76
15    <uses-permission android:name="android.permission.POST_NOTIFICATIONS" />
15-->src/main/AndroidManifest.xml:13:5-77
15-->src/main/AndroidManifest.xml:13:22-74
16
17    <application
17-->src/main/AndroidManifest.xml:15:5-45:19
18        android:allowBackup="true"
18-->src/main/AndroidManifest.xml:16:9-35
19        android:appComponentFactory="androidx.core.app.CoreComponentFactory"
19-->[androidx.core:core:1.5.0] AndroidManifest.xml:24:18-86
20        android:extractNativeLibs="false"
21        android:icon="@mipmap/ic_launcher_round"
21-->src/main/AndroidManifest.xml:17:9-49
22        android:label="@string/app_name"
22-->src/main/AndroidManifest.xml:18:9-41
23        android:roundIcon="@mipmap/ic_launcher_round"
23-->src/main/AndroidManifest.xml:19:9-54
24        android:supportsRtl="true"
24-->src/main/AndroidManifest.xml:20:9-35
25        android:theme="@style/AppTheme" >
25-->src/main/AndroidManifest.xml:21:9-40
26        <activity android:name="com.myapp.autobrightness.MainActivity" >
26-->src/main/AndroidManifest.xml:22:9-28:20
26-->src/main/AndroidManifest.xml:22:19-71
27            <intent-filter>
27-->src/main/AndroidManifest.xml:23:13-27:29
28                <action android:name="android.intent.action.MAIN" />
28-->src/main/AndroidManifest.xml:24:17-69
28-->src/main/AndroidManifest.xml:24:25-66
29
30                <category android:name="android.intent.category.LAUNCHER" />
30-->src/main/AndroidManifest.xml:26:17-77
30-->src/main/AndroidManifest.xml:26:27-74
31            </intent-filter>
32        </activity>
33
34        <service
34-->src/main/AndroidManifest.xml:30:9-34:56
35            android:name="com.myapp.autobrightness.autobrightness"
35-->src/main/AndroidManifest.xml:31:13-43
36            android:enabled="true"
36-->src/main/AndroidManifest.xml:32:13-35
37            android:exported="false"
37-->src/main/AndroidManifest.xml:33:13-37
38            android:foregroundServiceType="dataSync" />
38-->src/main/AndroidManifest.xml:34:13-53
39
40        <receiver
40-->src/main/AndroidManifest.xml:38:9-42:20
41            android:name="com.myapp.autobrightness.BootReceiver"
41-->src/main/AndroidManifest.xml:38:19-71
42            android:enabled="true"
42-->src/main/AndroidManifest.xml:38:72-94
43            android:exported="false" >
43-->src/main/AndroidManifest.xml:38:95-119
44            <intent-filter>
44-->src/main/AndroidManifest.xml:39:13-41:29
45                <action android:name="android.intent.action.BOOT_COMPLETED" />
45-->src/main/AndroidManifest.xml:40:17-79
45-->src/main/AndroidManifest.xml:40:25-76
46            </intent-filter>
47        </receiver>
48    </application>
49
50</manifest>